<?xml version="1.0" encoding="UTF-8"?>
<!-- Generated by org.testng.reporters.JUnitReportReporter -->
<testsuite skipped="0" hostname="KAILASNEWPC" name="tests.TestExamples" tests="2" failures="0" timestamp="2023-10-02T11:15:52 IST" time="3.633" errors="0">
  <testcase name="test_a" time="2.380" classname="tests.TestExamples"/>
  <system-out/>
  <testcase name="test_b" time="1.253" classname="tests.TestExamples"/>
  <system-out/>
</testsuite> <!-- tests.TestExamples -->
