<?xml version="1.0" encoding="UTF-8"?>
<!-- Generated by org.testng.reporters.JUnitReportReporter -->
<testsuite skipped="0" hostname="KAILASNEWPC" name="tests.PutPatchDeleteExamples" tests="1" failures="0" timestamp="2023-10-02T12:24:23 IST" time="2.015" errors="0">
  <testcase name="testDelete" time="2.015" classname="tests.PutPatchDeleteExamples"/>
  <system-out/>
</testsuite> <!-- tests.PutPatchDeleteExamples -->
