<?xml version="1.0" encoding="UTF-8"?>
<!-- Generated by org.testng.reporters.JUnitReportReporter -->
<testsuite skipped="0" hostname="KAILASNEWPC" name="tests.GetAndPostExamples" tests="1" failures="0" timestamp="2023-10-02T12:16:19 IST" time="1.851" errors="0">
  <testcase name="testPost" time="1.851" classname="tests.GetAndPostExamples"/>
  <system-out/>
</testsuite> <!-- tests.GetAndPostExamples -->
